#
# There is insufficient memory for the Java Runtime Environment to continue.
# Native memory allocation (malloc) failed to allocate 1048576 bytes for AllocateHeap
# Possible reasons:
#   The system is out of physical RAM or swap space
#   The process is running with CompressedOops enabled, and the Java Heap may be blocking the growth of the native heap
# Possible solutions:
#   Reduce memory load on the system
#   Increase physical memory or swap space
#   Check if swap backing store is full
#   Decrease Java heap size (-Xmx/-Xms)
#   Decrease number of Java threads
#   Decrease Java thread stack sizes (-Xss)
#   Set larger code cache with -XX:ReservedCodeCacheSize=
#   JVM is running with Unscaled Compressed Oops mode in which the Java heap is
#     placed in the first 4GB address space. The Java Heap base address is the
#     maximum limit for the native heap growth. Please use -XX:HeapBaseMinAddress
#     to set the Java Heap base and to place the Java Heap above 4GB virtual address.
# This output file may be truncated or incomplete.
#
#  Out of Memory Error (./src/hotspot/share/memory/allocation.cpp:46), pid=4272, tid=14328
#
# JRE version: OpenJDK Runtime Environment (11.0.10) (build 11.0.10+0-b96-7249189)
# Java VM: OpenJDK 64-Bit Server VM (11.0.10+0-b96-7249189, mixed mode, tiered, compressed oops, g1 gc, windows-amd64)
# No core dump will be written. Minidumps are not enabled by default on client versions of Windows
#

---------------  S U M M A R Y ------------

Command Line: --add-opens=java.base/java.util=ALL-UNNAMED --add-opens=java.base/java.lang=ALL-UNNAMED --add-opens=java.base/java.lang.invoke=ALL-UNNAMED --add-opens=java.base/java.util=ALL-UNNAMED --add-opens=java.prefs/java.util.prefs=ALL-UNNAMED --add-opens=java.prefs/java.util.prefs=ALL-UNNAMED --add-opens=java.base/java.nio.charset=ALL-UNNAMED --add-opens=java.base/java.net=ALL-UNNAMED --add-opens=java.base/java.util.concurrent.atomic=ALL-UNNAMED -Xmx2048m -Dfile.encoding=UTF-8 -Duser.country=GB -Duser.language=en -Duser.variant org.gradle.launcher.daemon.bootstrap.GradleDaemon 7.0.2

Host: AMD A10-8700P Radeon R6, 10 Compute Cores 4C+6G, 4 cores, 6G,  Windows 10 , 64 bit Build 19041 (10.0.19041.1503)
Time: Tue Feb 15 09:42:15 2022 GMT Standard Time elapsed time: 23.011821 seconds (0d 0h 0m 23s)

---------------  T H R E A D  ---------------

Current thread (0x0000025e7fb83800):  VMThread "VM Thread" [stack: 0x000000e341d00000,0x000000e341e00000] [id=14328]

Stack: [0x000000e341d00000,0x000000e341e00000]
[error occurred during error reporting (printing stack bounds), id 0xc0000005, EXCEPTION_ACCESS_VIOLATION (0xc0000005) at pc=0x0000025e6fac0f2d]

Native frames: (J=compiled Java code, j=interpreted, Vv=VM code, C=native code)
V  [jvm.dll+0x5ecfaa]
V  [jvm.dll+0x722bd5]
V  [jvm.dll+0x72412d]
V  [jvm.dll+0x724745]
V  [jvm.dll+0x7246fb]
V  [jvm.dll+0x5ec348]
V  [jvm.dll+0x5ecad8]
C  [ntdll.dll+0xa20cf]
C  [ntdll.dll+0x51454]
C  [ntdll.dll+0xa0bfe]
C  0x0000025e6fac0f2d

VM_Operation (0x000000e342ffa260): CollectForMetadataAllocation, mode: safepoint, requested by thread 0x0000025e082ea800


---------------  P R O C E S S  ---------------

Threads class SMR info:
_java_thread_list=0x0000025e06cbf960, length=23, elements={
0x0000025e6bfc8800, 0x0000025e7fb8c800, 0x0000025e7fb8e000, 0x0000025e7fba4800,
0x0000025e7fba8800, 0x0000025e7fbac800, 0x0000025e7fbad800, 0x0000025e7fbb2800,
0x0000025e06874000, 0x0000025e0696c800, 0x0000025e07775000, 0x0000025e08305800,
0x0000025e06911800, 0x0000025e081c7800, 0x0000025e080ab800, 0x0000025e07612000,
0x0000025e082ea800, 0x0000025e07b9c800, 0x0000025e07e7c000, 0x0000025e06c1e800,
0x0000025e06c1f000, 0x0000025e06c20000, 0x0000025e06c1d800
}

Java Threads: ( => current thread )
  0x0000025e6bfc8800 JavaThread "main" [_thread_blocked, id=3428, stack(0x000000e341700000,0x000000e341800000)]
  0x0000025e7fb8c800 JavaThread "Reference Handler" daemon [_thread_blocked, id=13252, stack(0x000000e341e00000,0x000000e341f00000)]
  0x0000025e7fb8e000 JavaThread "Finalizer" daemon [_thread_blocked, id=11964, stack(0x000000e341f00000,0x000000e342000000)]
  0x0000025e7fba4800 JavaThread "Signal Dispatcher" daemon [_thread_blocked, id=5692, stack(0x000000e342000000,0x000000e342100000)]
  0x0000025e7fba8800 JavaThread "Attach Listener" daemon [_thread_blocked, id=2768, stack(0x000000e342100000,0x000000e342200000)]
  0x0000025e7fbac800 JavaThread "Service Thread" daemon [_thread_blocked, id=244, stack(0x000000e342200000,0x000000e342300000)]
  0x0000025e7fbad800 JavaThread "C2 CompilerThread0" daemon [_thread_blocked, id=10248, stack(0x000000e342300000,0x000000e342400000)]
  0x0000025e7fbb2800 JavaThread "C1 CompilerThread0" daemon [_thread_blocked, id=1068, stack(0x000000e342400000,0x000000e342500000)]
  0x0000025e06874000 JavaThread "Sweeper thread" daemon [_thread_blocked, id=4020, stack(0x000000e342500000,0x000000e342600000)]
  0x0000025e0696c800 JavaThread "Common-Cleaner" daemon [_thread_blocked, id=5524, stack(0x000000e342600000,0x000000e342700000)]
  0x0000025e07775000 JavaThread "Daemon health stats" [_thread_blocked, id=7992, stack(0x000000e342900000,0x000000e342a00000)]
  0x0000025e08305800 JavaThread "Incoming local TCP Connector on port 53105" [_thread_in_native, id=7624, stack(0x000000e342a00000,0x000000e342b00000)]
  0x0000025e06911800 JavaThread "Daemon periodic checks" [_thread_blocked, id=9392, stack(0x000000e342b00000,0x000000e342c00000)]
  0x0000025e081c7800 JavaThread "Daemon" [_thread_blocked, id=10000, stack(0x000000e342c00000,0x000000e342d00000)]
  0x0000025e080ab800 JavaThread "Handler for socket connection from /127.0.0.1:53105 to /127.0.0.1:53106" [_thread_in_native, id=9332, stack(0x000000e342d00000,0x000000e342e00000)]
  0x0000025e07612000 JavaThread "Cancel handler" [_thread_blocked, id=11252, stack(0x000000e342e00000,0x000000e342f00000)]
  0x0000025e082ea800 JavaThread "Daemon worker" [_thread_blocked, id=6552, stack(0x000000e342f00000,0x000000e343000000)]
  0x0000025e07b9c800 JavaThread "Asynchronous log dispatcher for DefaultDaemonConnection: socket connection from /127.0.0.1:53105 to /127.0.0.1:53106" [_thread_blocked, id=6236, stack(0x000000e343000000,0x000000e343100000)]
  0x0000025e07e7c000 JavaThread "Stdin handler" [_thread_blocked, id=3488, stack(0x000000e343100000,0x000000e343200000)]
  0x0000025e06c1e800 JavaThread "Daemon client event forwarder" [_thread_blocked, id=1372, stack(0x000000e343200000,0x000000e343300000)]
  0x0000025e06c1f000 JavaThread "Cache worker for file hash cache (C:\Users\PC\.gradle\caches\7.0.2\fileHashes)" [_thread_blocked, id=4264, stack(0x000000e343500000,0x000000e343600000)]
  0x0000025e06c20000 JavaThread "File lock request listener" [_thread_in_native, id=7284, stack(0x000000e343600000,0x000000e343700000)]
  0x0000025e06c1d800 JavaThread "Cache worker for journal cache (C:\Users\PC\.gradle\caches\journal-1)" [_thread_blocked, id=11416, stack(0x000000e343700000,0x000000e343800000)]

Other Threads:
=>0x0000025e7fb83800 VMThread "VM Thread" [stack: 0x000000e341d00000,0x000000e341e00000] [id=14328]
  0x0000025e06994000 WatcherThread [stack: 0x000000e342700000,0x000000e342800000] [id=8416]
  0x0000025e6bfe2000 GCTaskThread "GC Thread#0" [stack: 0x000000e341800000,0x000000e341900000] [id=8120]
  0x0000025e071b9800 GCTaskThread "GC Thread#1" [stack: 0x000000e342800000,0x000000e342900000] [id=7252]
  0x0000025e0730d800 GCTaskThread "GC Thread#2" [stack: 0x000000e343300000,0x000000e343400000] [id=1112]
  0x0000025e06e46800 GCTaskThread "GC Thread#3" [stack: 0x000000e343400000,0x000000e343500000] [id=10004]
  0x0000025e6c013000 ConcurrentGCThread "G1 Main Marker" [stack: 0x000000e341900000,0x000000e341a00000] [id=4996]
  0x0000025e6c015800 ConcurrentGCThread "G1 Conc#0" [stack: 0x000000e341a00000,0x000000e341b00000] [id=10804]
  0x0000025e6c091800 ConcurrentGCThread "G1 Refine#0" [stack: 0x000000e341b00000,0x000000e341c00000] [id=10236]
  0x0000025e6c092800 ConcurrentGCThread "G1 Young RemSet Sampling" [stack: 0x000000e341c00000,0x000000e341d00000] [id=6428]

Threads with active compile tasks:

VM state:at safepoint (normal execution)

VM Mutex/Monitor currently owned by a thread:  ([mutex/lock_event])
[0x0000025e6bfc60e0] Threads_lock - owner thread: 0x0000025e7fb83800
[0x0000025e6bfc44c0] Heap_lock - owner thread: 0x0000025e082ea800

Heap address: 0x0000000080000000, size: 2048 MB, Compressed Oops mode: 32-bit
Narrow klass base: 0x0000000000000000, Narrow klass shift: 3
Compressed class space size: 1073741824 Address: 0x0000000100000000

Heap:
 garbage-first heap   total 114688K, used 17048K [0x0000000080000000, 0x0000000100000000)
  region size 1024K, 2 young (2048K), 2 survivors (2048K)
 Metaspace       used 22776K, capacity 23270K, committed 23424K, reserved 1077248K
  class space    used 2895K, capacity 3077K, committed 3200K, reserved 1048576K
Heap Regions: E=young(eden), S=young(survivor), O=old, HS=humongous(starts), HC=humongous(continues), CS=collection set, F=free, A=archive, TAMS=top-at-mark-start (previous, next)
|   0|0x0000000080000000, 0x0000000080100000, 0x0000000080100000|100%| O|  |TAMS 0x0000000080100000, 0x0000000080100000| Untracked 
|   1|0x0000000080100000, 0x0000000080200000, 0x0000000080200000|100%| O|  |TAMS 0x0000000080200000, 0x0000000080200000| Untracked 
|   2|0x0000000080200000, 0x0000000080300000, 0x0000000080300000|100%| O|  |TAMS 0x0000000080300000, 0x0000000080300000| Untracked 
|   3|0x0000000080300000, 0x0000000080400000, 0x0000000080400000|100%|HS|  |TAMS 0x0000000080400000, 0x0000000080400000| Complete 
|   4|0x0000000080400000, 0x0000000080500000, 0x0000000080500000|100%|HC|  |TAMS 0x0000000080500000, 0x0000000080500000| Complete 
|   5|0x0000000080500000, 0x0000000080600000, 0x0000000080600000|100%|HC|  |TAMS 0x0000000080600000, 0x0000000080600000| Complete 
|   6|0x0000000080600000, 0x0000000080700000, 0x0000000080700000|100%| O|  |TAMS 0x0000000080700000, 0x0000000080700000| Untracked 
|   7|0x0000000080700000, 0x0000000080800000, 0x0000000080800000|100%| O|  |TAMS 0x0000000080800000, 0x0000000080800000| Untracked 
|   8|0x0000000080800000, 0x0000000080900000, 0x0000000080900000|100%| O|  |TAMS 0x0000000080900000, 0x0000000080900000| Untracked 
|   9|0x0000000080900000, 0x0000000080a00000, 0x0000000080a00000|100%| O|  |TAMS 0x0000000080a00000, 0x0000000080a00000| Untracked 
|  10|0x0000000080a00000, 0x0000000080b00000, 0x0000000080b00000|100%| O|  |TAMS 0x0000000080b00000, 0x0000000080b00000| Untracked 
|  11|0x0000000080b00000, 0x0000000080c00000, 0x0000000080c00000|100%| O|  |TAMS 0x0000000080c00000, 0x0000000080c00000| Untracked 
|  12|0x0000000080c00000, 0x0000000080d00000, 0x0000000080d00000|100%| O|  |TAMS 0x0000000080d00000, 0x0000000080d00000| Untracked 
|  13|0x0000000080d00000, 0x0000000080e00000, 0x0000000080e00000|100%| O|  |TAMS 0x0000000080e00000, 0x0000000080e00000| Untracked 
|  14|0x0000000080e00000, 0x0000000080f00000, 0x0000000080f00000|100%| O|  |TAMS 0x0000000080f00000, 0x0000000080f00000| Untracked 
|  15|0x0000000080f00000, 0x0000000080f79000, 0x0000000081000000| 47%| O|  |TAMS 0x0000000080f79000, 0x0000000080f79000| Untracked 
|  16|0x0000000081000000, 0x0000000081000000, 0x0000000081100000|  0%| F|  |TAMS 0x0000000081000000, 0x0000000081000000| Untracked 
|  17|0x0000000081100000, 0x0000000081100000, 0x0000000081200000|  0%| F|  |TAMS 0x0000000081100000, 0x0000000081100000| Untracked 
|  18|0x0000000081200000, 0x0000000081200000, 0x0000000081300000|  0%| F|  |TAMS 0x0000000081200000, 0x0000000081200000| Untracked 
|  19|0x0000000081300000, 0x0000000081300000, 0x0000000081400000|  0%| F|  |TAMS 0x0000000081300000, 0x0000000081300000| Untracked 
|  20|0x0000000081400000, 0x0000000081400000, 0x0000000081500000|  0%| F|  |TAMS 0x0000000081400000, 0x0000000081400000| Untracked 
|  21|0x0000000081500000, 0x0000000081500000, 0x0000000081600000|  0%| F|  |TAMS 0x0000000081500000, 0x0000000081500000| Untracked 
|  22|0x0000000081600000, 0x0000000081600000, 0x0000000081700000|  0%| F|  |TAMS 0x0000000081600000, 0x0000000081600000| Untracked 
|  23|0x0000000081700000, 0x0000000081700000, 0x0000000081800000|  0%| F|  |TAMS 0x0000000081700000, 0x0000000081700000| Untracked 
|  24|0x0000000081800000, 0x0000000081800000, 0x0000000081900000|  0%| F|  |TAMS 0x0000000081800000, 0x0000000081800000| Untracked 
|  25|0x0000000081900000, 0x0000000081900000, 0x0000000081a00000|  0%| F|  |TAMS 0x0000000081900000, 0x0000000081900000| Untracked 
|  26|0x0000000081a00000, 0x0000000081a00000, 0x0000000081b00000|  0%| F|  |TAMS 0x0000000081a00000, 0x0000000081a00000| Untracked 
|  27|0x0000000081b00000, 0x0000000081b00000, 0x0000000081c00000|  0%| F|  |TAMS 0x0000000081b00000, 0x0000000081b00000| Untracked 
|  28|0x0000000081c00000, 0x0000000081c00000, 0x0000000081d00000|  0%| F|  |TAMS 0x0000000081c00000, 0x0000000081c00000| Untracked 
|  29|0x0000000081d00000, 0x0000000081d00000, 0x0000000081e00000|  0%| F|  |TAMS 0x0000000081d00000, 0x0000000081d00000| Untracked 
|  30|0x0000000081e00000, 0x0000000081e00000, 0x0000000081f00000|  0%| F|  |TAMS 0x0000000081e00000, 0x0000000081e00000| Untracked 
|  31|0x0000000081f00000, 0x0000000081f00000, 0x0000000082000000|  0%| F|  |TAMS 0x0000000081f00000, 0x0000000081f00000| Untracked 
|  32|0x0000000082000000, 0x0000000082000000, 0x0000000082100000|  0%| F|  |TAMS 0x0000000082000000, 0x0000000082000000| Untracked 
|  33|0x0000000082100000, 0x0000000082100000, 0x0000000082200000|  0%| F|  |TAMS 0x0000000082100000, 0x0000000082100000| Untracked 
|  34|0x0000000082200000, 0x0000000082200000, 0x0000000082300000|  0%| F|  |TAMS 0x0000000082200000, 0x0000000082200000| Untracked 
|  35|0x0000000082300000, 0x0000000082300000, 0x0000000082400000|  0%| F|  |TAMS 0x0000000082300000, 0x0000000082300000| Untracked 
|  36|0x0000000082400000, 0x0000000082400000, 0x0000000082500000|  0%| F|  |TAMS 0x0000000082400000, 0x0000000082400000| Untracked 
|  37|0x0000000082500000, 0x0000000082500000, 0x0000000082600000|  0%| F|  |TAMS 0x0000000082500000, 0x0000000082500000| Untracked 
|  38|0x0000000082600000, 0x0000000082600000, 0x0000000082700000|  0%| F|  |TAMS 0x0000000082600000, 0x0000000082600000| Untracked 
|  39|0x0000000082700000, 0x0000000082700000, 0x0000000082800000|  0%| F|  |TAMS 0x0000000082700000, 0x0000000082700000| Untracked 
|  40|0x0000000082800000, 0x0000000082800000, 0x0000000082900000|  0%| F|  |TAMS 0x0000000082800000, 0x0000000082800000| Untracked 
|  41|0x0000000082900000, 0x0000000082900000, 0x0000000082a00000|  0%| F|  |TAMS 0x0000000082900000, 0x0000000082900000| Untracked 
|  42|0x0000000082a00000, 0x0000000082a00000, 0x0000000082b00000|  0%| F|  |TAMS 0x0000000082a00000, 0x0000000082a00000| Untracked 
|  43|0x0000000082b00000, 0x0000000082b00000, 0x0000000082c00000|  0%| F|  |TAMS 0x0000000082b00000, 0x0000000082b00000| Untracked 
|  44|0x0000000082c00000, 0x0000000082c00000, 0x0000000082d00000|  0%| F|  |TAMS 0x0000000082c00000, 0x0000000082c00000| Untracked 
|  45|0x0000000082d00000, 0x0000000082d00000, 0x0000000082e00000|  0%| F|  |TAMS 0x0000000082d00000, 0x0000000082d00000| Untracked 
|  46|0x0000000082e00000, 0x0000000082e00000, 0x0000000082f00000|  0%| F|  |TAMS 0x0000000082e00000, 0x0000000082e00000| Untracked 
|  47|0x0000000082f00000, 0x0000000082f00000, 0x0000000083000000|  0%| F|  |TAMS 0x0000000082f00000, 0x0000000082f00000| Untracked 
|  48|0x0000000083000000, 0x0000000083000000, 0x0000000083100000|  0%| F|  |TAMS 0x0000000083000000, 0x0000000083000000| Untracked 
|  49|0x0000000083100000, 0x0000000083100000, 0x0000000083200000|  0%| F|  |TAMS 0x0000000083100000, 0x0000000083100000| Untracked 
|  50|0x0000000083200000, 0x0000000083200000, 0x0000000083300000|  0%| F|  |TAMS 0x0000000083200000, 0x0000000083200000| Untracked 
|  51|0x0000000083300000, 0x0000000083300000, 0x0000000083400000|  0%| F|  |TAMS 0x0000000083300000, 0x0000000083300000| Untracked 
|  52|0x0000000083400000, 0x0000000083400000, 0x0000000083500000|  0%| F|  |TAMS 0x0000000083400000, 0x0000000083400000| Untracked 
|  53|0x0000000083500000, 0x0000000083500000, 0x0000000083600000|  0%| F|  |TAMS 0x0000000083500000, 0x0000000083500000| Untracked 
|  54|0x0000000083600000, 0x0000000083600000, 0x0000000083700000|  0%| F|  |TAMS 0x0000000083600000, 0x0000000083600000| Untracked 
|  55|0x0000000083700000, 0x0000000083700000, 0x0000000083800000|  0%| F|  |TAMS 0x0000000083700000, 0x0000000083700000| Untracked 
|  56|0x0000000083800000, 0x0000000083800000, 0x0000000083900000|  0%| F|  |TAMS 0x0000000083800000, 0x0000000083800000| Untracked 
|  57|0x0000000083900000, 0x0000000083900000, 0x0000000083a00000|  0%| F|  |TAMS 0x0000000083900000, 0x0000000083900000| Untracked 
|  58|0x0000000083a00000, 0x0000000083a00000, 0x0000000083b00000|  0%| F|  |TAMS 0x0000000083a00000, 0x0000000083a00000| Untracked 
|  59|0x0000000083b00000, 0x0000000083b00000, 0x0000000083c00000|  0%| F|  |TAMS 0x0000000083b00000, 0x0000000083b00000| Untracked 
|  60|0x0000000083c00000, 0x0000000083c00000, 0x0000000083d00000|  0%| F|  |TAMS 0x0000000083c00000, 0x0000000083c00000| Untracked 
|  61|0x0000000083d00000, 0x0000000083d00000, 0x0000000083e00000|  0%| F|  |TAMS 0x0000000083d00000, 0x0000000083d00000| Untracked 
|  62|0x0000000083e00000, 0x0000000083e00000, 0x0000000083f00000|  0%| F|  |TAMS 0x0000000083e00000, 0x0000000083e00000| Untracked 
|  63|0x0000000083f00000, 0x0000000083f00000, 0x0000000084000000|  0%| F|  |TAMS 0x0000000083f00000, 0x0000000083f00000| Untracked 
|  64|0x0000000084000000, 0x0000000084000000, 0x0000000084100000|  0%| F|  |TAMS 0x0000000084000000, 0x0000000084000000| Untracked 
|  65|0x0000000084100000, 0x0000000084100000, 0x0000000084200000|  0%| F|  |TAMS 0x0000000084100000, 0x0000000084100000| Untracked 
|  66|0x0000000084200000, 0x0000000084200000, 0x0000000084300000|  0%| F|  |TAMS 0x0000000084200000, 0x0000000084200000| Untracked 
|  67|0x0000000084300000, 0x0000000084300000, 0x0000000084400000|  0%| F|  |TAMS 0x0000000084300000, 0x0000000084300000| Untracked 
|  68|0x0000000084400000, 0x0000000084400000, 0x0000000084500000|  0%| F|  |TAMS 0x0000000084400000, 0x0000000084400000| Untracked 
|  69|0x0000000084500000, 0x0000000084500000, 0x0000000084600000|  0%| F|  |TAMS 0x0000000084500000, 0x0000000084500000| Untracked 
|  70|0x0000000084600000, 0x0000000084600000, 0x0000000084700000|  0%| F|  |TAMS 0x0000000084600000, 0x0000000084600000| Untracked 
|  71|0x0000000084700000, 0x0000000084700000, 0x0000000084800000|  0%| F|  |TAMS 0x0000000084700000, 0x0000000084700000| Untracked 
|  72|0x0000000084800000, 0x0000000084800000, 0x0000000084900000|  0%| F|  |TAMS 0x0000000084800000, 0x0000000084800000| Untracked 
|  73|0x0000000084900000, 0x0000000084900000, 0x0000000084a00000|  0%| F|  |TAMS 0x0000000084900000, 0x0000000084900000| Untracked 
|  74|0x0000000084a00000, 0x0000000084a00000, 0x0000000084b00000|  0%| F|  |TAMS 0x0000000084a00000, 0x0000000084a00000| Untracked 
|  75|0x0000000084b00000, 0x0000000084b00000, 0x0000000084c00000|  0%| F|  |TAMS 0x0000000084b00000, 0x0000000084b00000| Untracked 
|  76|0x0000000084c00000, 0x0000000084c00000, 0x0000000084d00000|  0%| F|  |TAMS 0x0000000084c00000, 0x0000000084c00000| Untracked 
|  77|0x0000000084d00000, 0x0000000084d00000, 0x0000000084e00000|  0%| F|  |TAMS 0x0000000084d00000, 0x0000000084d00000| Untracked 
|  78|0x0000000084e00000, 0x0000000084e00000, 0x0000000084f00000|  0%| F|  |TAMS 0x0000000084e00000, 0x0000000084e00000| Untracked 
|  79|0x0000000084f00000, 0x0000000084f00000, 0x0000000085000000|  0%| F|  |TAMS 0x0000000084f00000, 0x0000000084f00000| Untracked 
|  80|0x0000000085000000, 0x0000000085000000, 0x0000000085100000|  0%| F|  |TAMS 0x0000000085000000, 0x0000000085000000| Untracked 
|  81|0x0000000085100000, 0x0000000085100000, 0x0000000085200000|  0%| F|  |TAMS 0x0000000085100000, 0x0000000085100000| Untracked 
|  82|0x0000000085200000, 0x0000000085200000, 0x0000000085300000|  0%| F|  |TAMS 0x0000000085200000, 0x0000000085200000| Untracked 
|  83|0x0000000085300000, 0x0000000085300000, 0x0000000085400000|  0%| F|  |TAMS 0x0000000085300000, 0x0000000085300000| Untracked 
|  84|0x0000000085400000, 0x0000000085400000, 0x0000000085500000|  0%| F|  |TAMS 0x0000000085400000, 0x0000000085400000| Untracked 
|  85|0x0000000085500000, 0x0000000085500000, 0x0000000085600000|  0%| F|  |TAMS 0x0000000085500000, 0x0000000085500000| Untracked 
|  86|0x0000000085600000, 0x000000008562d0a8, 0x0000000085700000| 17%| S|CS|TAMS 0x0000000085600000, 0x0000000085600000| Complete 
|  87|0x0000000085700000, 0x0000000085800000, 0x0000000085800000|100%| S|CS|TAMS 0x0000000085700000, 0x0000000085700000| Complete 
|  88|0x0000000085800000, 0x0000000085800000, 0x0000000085900000|  0%| F|  |TAMS 0x0000000085800000, 0x0000000085800000| Untracked 
|  89|0x0000000085900000, 0x0000000085900000, 0x0000000085a00000|  0%| F|  |TAMS 0x0000000085900000, 0x0000000085900000| Untracked 
|  90|0x0000000085a00000, 0x0000000085a00000, 0x0000000085b00000|  0%| F|  |TAMS 0x0000000085a00000, 0x0000000085a00000| Untracked 
|  91|0x0000000085b00000, 0x0000000085b00000, 0x0000000085c00000|  0%| F|  |TAMS 0x0000000085b00000, 0x0000000085b00000| Untracked 
|  92|0x0000000085c00000, 0x0000000085c00000, 0x0000000085d00000|  0%| F|  |TAMS 0x0000000085c00000, 0x0000000085c00000| Untracked 
|  93|0x0000000085d00000, 0x0000000085d00000, 0x0000000085e00000|  0%| F|  |TAMS 0x0000000085d00000, 0x0000000085d00000| Untracked 
|  94|0x0000000085e00000, 0x0000000085e00000, 0x0000000085f00000|  0%| F|  |TAMS 0x0000000085e00000, 0x0000000085e00000| Untracked 
|  95|0x0000000085f00000, 0x0000000085f00000, 0x0000000086000000|  0%| F|  |TAMS 0x0000000085f00000, 0x0000000085f00000| Untracked 
|  96|0x0000000086000000, 0x0000000086000000, 0x0000000086100000|  0%| F|  |TAMS 0x0000000086000000, 0x0000000086000000| Untracked 
|  97|0x0000000086100000, 0x0000000086100000, 0x0000000086200000|  0%| F|  |TAMS 0x0000000086100000, 0x0000000086100000| Untracked 
|  98|0x0000000086200000, 0x0000000086200000, 0x0000000086300000|  0%| F|  |TAMS 0x0000000086200000, 0x0000000086200000| Untracked 
|  99|0x0000000086300000, 0x0000000086300000, 0x0000000086400000|  0%| F|  |TAMS 0x0000000086300000, 0x0000000086300000| Untracked 
| 100|0x0000000086400000, 0x0000000086400000, 0x0000000086500000|  0%| F|  |TAMS 0x0000000086400000, 0x0000000086400000| Untracked 
| 101|0x0000000086500000, 0x0000000086500000, 0x0000000086600000|  0%| F|  |TAMS 0x0000000086500000, 0x0000000086500000| Untracked 
| 102|0x0000000086600000, 0x0000000086600000, 0x0000000086700000|  0%| F|  |TAMS 0x0000000086600000, 0x0000000086600000| Untracked 
| 103|0x0000000086700000, 0x0000000086700000, 0x0000000086800000|  0%| F|  |TAMS 0x0000000086700000, 0x0000000086700000| Untracked 
| 104|0x0000000086800000, 0x0000000086800000, 0x0000000086900000|  0%| F|  |TAMS 0x0000000086800000, 0x0000000086800000| Untracked 
| 105|0x0000000086900000, 0x0000000086900000, 0x0000000086a00000|  0%| F|  |TAMS 0x0000000086900000, 0x0000000086900000| Untracked 
| 106|0x0000000086a00000, 0x0000000086a00000, 0x0000000086b00000|  0%| F|  |TAMS 0x0000000086a00000, 0x0000000086a00000| Untracked 
| 107|0x0000000086b00000, 0x0000000086b00000, 0x0000000086c00000|  0%| F|  |TAMS 0x0000000086b00000, 0x0000000086b00000| Untracked 
| 108|0x0000000086c00000, 0x0000000086c00000, 0x0000000086d00000|  0%| F|  |TAMS 0x0000000086c00000, 0x0000000086c00000| Untracked 
| 109|0x0000000086d00000, 0x0000000086d00000, 0x0000000086e00000|  0%| F|  |TAMS 0x0000000086d00000, 0x0000000086d00000| Untracked 
| 110|0x0000000086e00000, 0x0000000086e00000, 0x0000000086f00000|  0%| F|  |TAMS 0x0000000086e00000, 0x0000000086e00000| Untracked 
| 111|0x0000000086f00000, 0x0000000086f00000, 0x0000000087000000|  0%| F|  |TAMS 0x0000000086f00000, 0x0000000086f00000| Untracked 

Card table byte_map: [0x0000025e7eec0000,0x0000025e7f2c0000] _byte_map_base: 0x0000025e7eac0000

Marking Bits (Prev, Next): (CMBitMap*) 0x0000025e6c00a190, (CMBitMap*) 0x0000025e6c00a158
 Prev Bits: [0x0000025e02000000, 0x0000025e04000000)
 Next Bits: [0x0000025e00000000, 0x0000025e02000000)

Polling page: 0x0000025e69d70000

Metaspace:

Usage:
  Non-class:     19.72 MB capacity,    19.41 MB ( 98%) used,   269.57 KB (  1%) free+waste,    42.75 KB ( <1%) overhead. 
      Class:      3.00 MB capacity,     2.83 MB ( 94%) used,   159.62 KB (  5%) free+waste,    21.69 KB ( <1%) overhead. 
       Both:     22.72 MB capacity,    22.24 MB ( 98%) used,   429.19 KB (  2%) free+waste,    64.44 KB ( <1%) overhead. 

Virtual space:
  Non-class space:       28.00 MB reserved,      19.75 MB ( 71%) committed 
      Class space:        1.00 GB reserved,       3.13 MB ( <1%) committed 
             Both:        1.03 GB reserved,      22.88 MB (  2%) committed 

Chunk freelists:
   Non-Class:  31.00 KB
       Class:  27.00 KB
        Both:  58.00 KB

MaxMetaspaceSize: 17179869184.00 GB
CompressedClassSpaceSize: 1.00 GB

CodeHeap 'non-profiled nmethods': size=120064Kb used=966Kb max_used=966Kb free=119097Kb
 bounds [0x0000025e77580000, 0x0000025e777f0000, 0x0000025e7eac0000]
CodeHeap 'profiled nmethods': size=120000Kb used=4506Kb max_used=4506Kb free=115493Kb
 bounds [0x0000025e70050000, 0x0000025e704c0000, 0x0000025e77580000]
CodeHeap 'non-nmethods': size=5696Kb used=1141Kb max_used=1173Kb free=4554Kb
 bounds [0x0000025e6fac0000, 0x0000025e6fd30000, 0x0000025e70050000]
 total_blobs=2571 nmethods=2094 adapters=389
 compilation: enabled
              stopped_count=0, restarted_count=0
 full_count=0

Compilation events (20 events):
Event: 22.968 Thread 0x0000025e7fbb2800 2089       3       org.gradle.internal.reflect.PropertyAccessorType::of (95 bytes)
Event: 22.971 Thread 0x0000025e7fbb2800 nmethod 2089 0x0000025e704b0b10 code [0x0000025e704b0e40, 0x0000025e704b2358]
Event: 22.971 Thread 0x0000025e7fbb2800 2090       3       org.gradle.internal.reflect.PropertyAccessorType::isStatic (8 bytes)
Event: 22.971 Thread 0x0000025e7fbb2800 nmethod 2090 0x0000025e704b2990 code [0x0000025e704b2b40, 0x0000025e704b2cf8]
Event: 22.971 Thread 0x0000025e7fbb2800 2091       1       java.util.Collections$EmptyMap::get (2 bytes)
Event: 22.971 Thread 0x0000025e7fbb2800 nmethod 2091 0x0000025e77671310 code [0x0000025e776714c0, 0x0000025e77671578]
Event: 22.972 Thread 0x0000025e7fbb2800 2092   !   3       java.lang.reflect.Executable::declaredAnnotations (85 bytes)
Event: 22.973 Thread 0x0000025e7fbb2800 nmethod 2092 0x0000025e704b2e10 code [0x0000025e704b3060, 0x0000025e704b39c8]
Event: 22.982 Thread 0x0000025e7fbb2800 2093       1       jdk.internal.loader.AbstractClassLoaderValue$Sub::parent (5 bytes)
Event: 22.983 Thread 0x0000025e7fbb2800 nmethod 2093 0x0000025e77671610 code [0x0000025e776717c0, 0x0000025e77671878]
Event: 22.989 Thread 0x0000025e7fbb2800 2094       3       java.lang.reflect.Executable::getAnnotation (23 bytes)
Event: 22.990 Thread 0x0000025e7fbb2800 nmethod 2094 0x0000025e704b3d10 code [0x0000025e704b3f40, 0x0000025e704b45a8]
Event: 22.990 Thread 0x0000025e7fbb2800 2095       3       java.lang.reflect.Method::getAnnotation (6 bytes)
Event: 22.991 Thread 0x0000025e7fbb2800 nmethod 2095 0x0000025e704b4810 code [0x0000025e704b4a40, 0x0000025e704b5108]
Event: 22.993 Thread 0x0000025e7fbb2800 2096       3       java.io.ByteArrayOutputStream::<init> (43 bytes)
Event: 22.995 Thread 0x0000025e7fbb2800 nmethod 2096 0x0000025e704b5390 code [0x0000025e704b5600, 0x0000025e704b6018]
Event: 22.995 Thread 0x0000025e7fbb2800 2097       3       java.io.ByteArrayOutputStream::<init> (7 bytes)
Event: 22.996 Thread 0x0000025e7fbb2800 nmethod 2097 0x0000025e704b6390 code [0x0000025e704b6540, 0x0000025e704b6668]
Event: 22.996 Thread 0x0000025e7fbb2800 2098       3       java.util.HashMap$ValueIterator::next (8 bytes)
Event: 22.996 Thread 0x0000025e7fbb2800 nmethod 2098 0x0000025e704b6710 code [0x0000025e704b68c0, 0x0000025e704b69e8]

GC Heap History (12 events):
Event: 2.924 GC heap before
{Heap before GC invocations=0 (full 0):
 garbage-first heap   total 114688K, used 19456K [0x0000000080000000, 0x0000000100000000)
  region size 1024K, 14 young (14336K), 0 survivors (0K)
 Metaspace       used 6743K, capacity 6925K, committed 7168K, reserved 1056768K
  class space    used 582K, capacity 650K, committed 768K, reserved 1048576K
}
Event: 2.939 GC heap after
{Heap after GC invocations=1 (full 0):
 garbage-first heap   total 114688K, used 7819K [0x0000000080000000, 0x0000000100000000)
  region size 1024K, 2 young (2048K), 2 survivors (2048K)
 Metaspace       used 6743K, capacity 6925K, committed 7168K, reserved 1056768K
  class space    used 582K, capacity 650K, committed 768K, reserved 1048576K
}
Event: 4.993 GC heap before
{Heap before GC invocations=1 (full 0):
 garbage-first heap   total 114688K, used 18059K [0x0000000080000000, 0x0000000100000000)
  region size 1024K, 12 young (12288K), 2 survivors (2048K)
 Metaspace       used 10209K, capacity 10427K, committed 10624K, reserved 1058816K
  class space    used 1064K, capacity 1141K, committed 1152K, reserved 1048576K
}
Event: 5.003 GC heap after
{Heap after GC invocations=2 (full 0):
 garbage-first heap   total 114688K, used 9249K [0x0000000080000000, 0x0000000100000000)
  region size 1024K, 2 young (2048K), 2 survivors (2048K)
 Metaspace       used 10209K, capacity 10427K, committed 10624K, reserved 1058816K
  class space    used 1064K, capacity 1141K, committed 1152K, reserved 1048576K
}
Event: 9.396 GC heap before
{Heap before GC invocations=2 (full 0):
 garbage-first heap   total 114688K, used 32801K [0x0000000080000000, 0x0000000100000000)
  region size 1024K, 25 young (25600K), 2 survivors (2048K)
 Metaspace       used 11128K, capacity 11380K, committed 11520K, reserved 1058816K
  class space    used 1165K, capacity 1245K, committed 1280K, reserved 1048576K
}
Event: 9.403 GC heap after
{Heap after GC invocations=3 (full 0):
 garbage-first heap   total 114688K, used 9726K [0x0000000080000000, 0x0000000100000000)
  region size 1024K, 2 young (2048K), 2 survivors (2048K)
 Metaspace       used 11128K, capacity 11380K, committed 11520K, reserved 1058816K
  class space    used 1165K, capacity 1245K, committed 1280K, reserved 1048576K
}
Event: 19.433 GC heap before
{Heap before GC invocations=3 (full 0):
 garbage-first heap   total 114688K, used 65022K [0x0000000080000000, 0x0000000100000000)
  region size 1024K, 56 young (57344K), 2 survivors (2048K)
 Metaspace       used 18785K, capacity 19171K, committed 19328K, reserved 1067008K
  class space    used 2248K, capacity 2405K, committed 2432K, reserved 1048576K
}
Event: 19.477 GC heap after
{Heap after GC invocations=4 (full 0):
 garbage-first heap   total 114688K, used 15933K [0x0000000080000000, 0x0000000100000000)
  region size 1024K, 7 young (7168K), 7 survivors (7168K)
 Metaspace       used 18785K, capacity 19171K, committed 19328K, reserved 1067008K
  class space    used 2248K, capacity 2405K, committed 2432K, reserved 1048576K
}
Event: 21.682 GC heap before
{Heap before GC invocations=4 (full 0):
 garbage-first heap   total 114688K, used 31293K [0x0000000080000000, 0x0000000100000000)
  region size 1024K, 23 young (23552K), 7 survivors (7168K)
 Metaspace       used 20628K, capacity 21096K, committed 21248K, reserved 1067008K
  class space    used 2505K, capacity 2690K, committed 2816K, reserved 1048576K
}
Event: 21.696 GC heap after
{Heap after GC invocations=5 (full 0):
 garbage-first heap   total 114688K, used 16549K [0x0000000080000000, 0x0000000100000000)
  region size 1024K, 1 young (1024K), 1 survivors (1024K)
 Metaspace       used 20628K, capacity 21096K, committed 21248K, reserved 1067008K
  class space    used 2505K, capacity 2690K, committed 2816K, reserved 1048576K
}
Event: 23.000 GC heap before
{Heap before GC invocations=6 (full 0):
 garbage-first heap   total 114688K, used 39077K [0x0000000080000000, 0x0000000100000000)
  region size 1024K, 24 young (24576K), 1 survivors (1024K)
 Metaspace       used 22776K, capacity 23270K, committed 23424K, reserved 1075200K
  class space    used 2895K, capacity 3077K, committed 3200K, reserved 1048576K
}
Event: 23.006 GC heap after
{Heap after GC invocations=7 (full 0):
 garbage-first heap   total 114688K, used 17048K [0x0000000080000000, 0x0000000100000000)
  region size 1024K, 2 young (2048K), 2 survivors (2048K)
 Metaspace       used 22776K, capacity 23270K, committed 23424K, reserved 1075200K
  class space    used 2895K, capacity 3077K, committed 3200K, reserved 1048576K
}

Deoptimization events (20 events):
Event: 22.139 Thread 0x0000025e082ea800 Uncommon trap: trap_request=0xffffff4d fr.pc=0x0000025e7764be54 relative=0x0000000000001814
Event: 22.140 Thread 0x0000025e082ea800 Uncommon trap: reason=unstable_if action=reinterpret pc=0x0000025e7764be54 method=java.util.HashMap.putVal(ILjava/lang/Object;Ljava/lang/Object;ZZ)Ljava/lang/Object; @ 206 c2
Event: 22.140 Thread 0x0000025e082ea800 DEOPT PACKING pc=0x0000025e7764be54 sp=0x000000e342ffc280
Event: 22.140 Thread 0x0000025e082ea800 DEOPT UNPACKING pc=0x0000025e6fae73af sp=0x000000e342ffc238 mode 2
Event: 22.141 Thread 0x0000025e082ea800 Uncommon trap: trap_request=0xffffff4d fr.pc=0x0000025e775b16a8 relative=0x00000000000001e8
Event: 22.141 Thread 0x0000025e082ea800 Uncommon trap: reason=unstable_if action=reinterpret pc=0x0000025e775b16a8 method=java.util.HashMap.getNode(ILjava/lang/Object;)Ljava/util/HashMap$Node; @ 129 c2
Event: 22.141 Thread 0x0000025e082ea800 DEOPT PACKING pc=0x0000025e775b16a8 sp=0x000000e342ffc290
Event: 22.141 Thread 0x0000025e082ea800 DEOPT UNPACKING pc=0x0000025e6fae73af sp=0x000000e342ffc218 mode 2
Event: 22.167 Thread 0x0000025e082ea800 Uncommon trap: trap_request=0xffffff4d fr.pc=0x0000025e775f1098 relative=0x0000000000000af8
Event: 22.167 Thread 0x0000025e082ea800 Uncommon trap: reason=unstable_if action=reinterpret pc=0x0000025e775f1098 method=java.util.Properties$LineReader.readLine()I @ 249 c2
Event: 22.167 Thread 0x0000025e082ea800 DEOPT PACKING pc=0x0000025e775f1098 sp=0x000000e342ffc2b0
Event: 22.167 Thread 0x0000025e082ea800 DEOPT UNPACKING pc=0x0000025e6fae73af sp=0x000000e342ffc250 mode 2
Event: 22.925 Thread 0x0000025e082ea800 Uncommon trap: trap_request=0xffffff4d fr.pc=0x0000025e77663250 relative=0x0000000000000190
Event: 22.925 Thread 0x0000025e082ea800 Uncommon trap: reason=unstable_if action=reinterpret pc=0x0000025e77663250 method=java.util.HashMap.getNode(ILjava/lang/Object;)Ljava/util/HashMap$Node; @ 129 c2
Event: 22.925 Thread 0x0000025e082ea800 DEOPT PACKING pc=0x0000025e77663250 sp=0x000000e342ffd100
Event: 22.925 Thread 0x0000025e082ea800 DEOPT UNPACKING pc=0x0000025e6fae73af sp=0x000000e342ffd010 mode 2
Event: 22.992 Thread 0x0000025e082ea800 Uncommon trap: trap_request=0xffffff4d fr.pc=0x0000025e775efbd4 relative=0x0000000000000094
Event: 22.992 Thread 0x0000025e082ea800 Uncommon trap: reason=unstable_if action=reinterpret pc=0x0000025e775efbd4 method=java.util.LinkedHashMap.afterNodeInsertion(Z)V @ 1 c2
Event: 22.992 Thread 0x0000025e082ea800 DEOPT PACKING pc=0x0000025e775efbd4 sp=0x000000e342ffcd10
Event: 22.993 Thread 0x0000025e082ea800 DEOPT UNPACKING pc=0x0000025e6fae73af sp=0x000000e342ffcc90 mode 2

Classes redefined (0 events):
No events

Internal exceptions (20 events):
Event: 17.909 Thread 0x0000025e080ab800 Exception <a 'java/lang/NoSuchMethodError'{0x0000000084704f98}: <clinit>> (0x0000000084704f98) thrown at [./src/hotspot/share/prims/jni.cpp, line 1362]
Event: 18.429 Thread 0x0000025e082ea800 Exception <a 'java/lang/NoSuchMethodError'{0x000000008448e800}: 'void java.lang.invoke.DirectMethodHandle$Holder.invokeVirtual(java.lang.Object, java.lang.Object, java.lang.Object, java.lang.Object)'> (0x000000008448e800) thrown at [./src/hotspot/share/interpreter/linkResolver.cpp, line 773]
Event: 18.432 Thread 0x0000025e082ea800 Exception <a 'java/lang/NoSuchMethodError'{0x000000008449b268}: 'void java.lang.invoke.DelegatingMethodHandle$Holder.reinvoke_L(java.lang.Object, java.lang.Object, java.lang.Object, java.lang.Object)'> (0x000000008449b268) thrown at [./src/hotspot/share/interpreter/linkResolver.cpp, line 773]
Event: 18.453 Thread 0x0000025e082ea800 Exception <a 'java/lang/NoSuchMethodError'{0x00000000844cb8c0}: 'long java.lang.invoke.DirectMethodHandle$Holder.invokeInterface(java.lang.Object, java.lang.Object)'> (0x00000000844cb8c0) thrown at [./src/hotspot/share/interpreter/linkResolver.cpp, line 773]
Event: 18.492 Thread 0x0000025e082ea800 Exception <a 'java/lang/NoSuchMethodError'{0x00000000844edd88}: 'void java.lang.invoke.DelegatingMethodHandle$Holder.reinvoke_L(java.lang.Object, java.lang.Object, java.lang.Object, java.lang.Object, java.lang.Object, java.lang.Object, java.lang.Object)'> (0x00000000844edd88) thrown at [./src/hotspot/share/interpreter/linkResolver.cpp, line 773]
Event: 19.645 Thread 0x0000025e082ea800 Exception <a 'java/lang/NoSuchMethodError'{0x0000000086b18870}: 'java.lang.Object java.lang.invoke.DirectMethodHandle$Holder.invokeVirtual(java.lang.Object, java.lang.Object, java.lang.Object)'> (0x0000000086b18870) thrown at [./src/hotspot/share/interpreter/linkResolver.cpp, line 773]
Event: 19.906 Thread 0x0000025e082ea800 Exception <a 'java/lang/NoSuchMethodError'{0x000000008689c1d0}: 'void java.lang.invoke.DirectMethodHandle$Holder.invokeInterface(java.lang.Object, java.lang.Object)'> (0x000000008689c1d0) thrown at [./src/hotspot/share/interpreter/linkResolver.cpp, line 773]
Event: 19.907 Thread 0x0000025e082ea800 Exception <a 'java/lang/IncompatibleClassChangeError'{0x000000008689f380}: Found class java.lang.Object, but interface was expected> (0x000000008689f380) thrown at [./src/hotspot/share/interpreter/linkResolver.cpp, line 839]
Event: 19.992 Thread 0x0000025e082ea800 Exception <a 'java/lang/NoSuchMethodError'{0x000000008660c390}: 'void java.lang.invoke.DirectMethodHandle$Holder.invokeStaticInit(java.lang.Object)'> (0x000000008660c390) thrown at [./src/hotspot/share/interpreter/linkResolver.cpp, line 773]
Event: 20.233 Thread 0x0000025e082ea800 Exception <a 'java/lang/NoSuchMethodError'{0x0000000086477660}: 'java.lang.Object java.lang.invoke.DirectMethodHandle$Holder.invokeStatic(java.lang.Object, java.lang.Object, java.lang.Object, int)'> (0x0000000086477660) thrown at [./src/hotspot/share/interpreter/linkResolver.cpp, line 773]
Event: 20.234 Thread 0x0000025e082ea800 Exception <a 'java/lang/NoSuchMethodError'{0x000000008647b828}: 'java.lang.Object java.lang.invoke.DirectMethodHandle$Holder.invokeSpecial(java.lang.Object, java.lang.Object, java.lang.Object, java.lang.Object, int)'> (0x000000008647b828) thrown at [./src/hotspot/share/interpreter/linkResolver.cpp, line 773]
Event: 20.234 Thread 0x0000025e082ea800 Exception <a 'java/lang/NoSuchMethodError'{0x000000008647f210}: 'java.lang.Object java.lang.invoke.Invokers$Holder.linkToTargetMethod(java.lang.Object, java.lang.Object, int, java.lang.Object)'> (0x000000008647f210) thrown at [./src/hotspot/share/interpreter/linkResolver.cpp, line 773]
Event: 21.862 Thread 0x0000025e082ea800 Exception <a 'java/lang/NoSuchMethodError'{0x0000000086fad698}: 'int java.lang.invoke.DirectMethodHandle$Holder.invokeSpecialIFC(java.lang.Object, java.lang.Object, java.lang.Object, java.lang.Object)'> (0x0000000086fad698) thrown at [./src/hotspot/share/interpreter/linkResolver.cpp, line 773]
Event: 21.908 Thread 0x0000025e082ea800 Exception <a 'java/lang/NoSuchMethodError'{0x0000000086fbb458}: 'java.lang.Object java.lang.invoke.DirectMethodHandle$Holder.invokeInterface(java.lang.Object, java.lang.Object, java.lang.Object)'> (0x0000000086fbb458) thrown at [./src/hotspot/share/interpreter/linkResolver.cpp, line 773]
Event: 21.909 Thread 0x0000025e082ea800 Exception <a 'java/lang/IncompatibleClassChangeError'{0x0000000086fbe930}: Found class java.lang.Object, but interface was expected> (0x0000000086fbe930) thrown at [./src/hotspot/share/interpreter/linkResolver.cpp, line 839]
Event: 21.960 Thread 0x0000025e082ea800 Exception <a 'java/lang/NoSuchMethodError'{0x0000000086e8c780}: 'void java.lang.invoke.DirectMethodHandle$Holder.invokeStatic(java.lang.Object, java.lang.Object, java.lang.Object, java.lang.Object, java.lang.Object)'> (0x0000000086e8c780) thrown at [./src/hotspot/share/interpreter/linkResolver.cpp, line 773]
Event: 22.248 Thread 0x0000025e082ea800 Exception <a 'java/lang/NoSuchMethodError'{0x0000000086913e20}: 'void java.lang.invoke.DirectMethodHandle$Holder.invokeSpecial(java.lang.Object, java.lang.Object)'> (0x0000000086913e20) thrown at [./src/hotspot/share/interpreter/linkResolver.cpp, line 773]
Event: 22.384 Thread 0x0000025e082ea800 Exception <a 'java/lang/NoSuchMethodError'{0x0000000086744f08}: 'java.lang.Object java.lang.invoke.DirectMethodHandle$Holder.invokeSpecial(java.lang.Object, java.lang.Object, java.lang.Object, java.lang.Object, java.lang.Object, java.lang.Object, java.lang.Object, java.lang.Object, java.lang.Object)'> (0x0000000086744f08) thrown at [./src/hotspot/share/interpreter/linkResolver.cpp, line 773]
Event: 22.732 Thread 0x0000025e082ea800 Exception <a 'java/lang/NoSuchMethodError'{0x0000000085da38c8}: 'java.lang.Object java.lang.invoke.DirectMethodHandle$Holder.invokeVirtual(java.lang.Object, java.lang.Object, java.lang.Object, java.lang.Object)'> (0x0000000085da38c8) thrown at [./src/hotspot/share/interpreter/linkResolver.cpp, line 773]
Event: 22.817 Thread 0x0000025e082ea800 Exception <a 'java/lang/NoSuchMethodError'{0x0000000085a50b20}: 'java.lang.Object java.lang.invoke.Invokers$Holder.invoker(java.lang.Object, java.lang.Object, java.lang.Object, java.lang.Object, java.lang.Object)'> (0x0000000085a50b20) thrown at [./src/hotspot/share/interpreter/linkResolver.cpp, line 773]

Events (20 events):
Event: 22.943 loading class sun/reflect/generics/tree/BottomSignature
Event: 22.943 loading class sun/reflect/generics/tree/BottomSignature done
Event: 22.943 loading class sun/reflect/generics/tree/Wildcard
Event: 22.943 loading class sun/reflect/generics/tree/Wildcard done
Event: 22.943 loading class sun/reflect/generics/reflectiveObjects/WildcardTypeImpl
Event: 22.946 loading class sun/reflect/generics/reflectiveObjects/WildcardTypeImpl done
Event: 22.948 loading class org/gradle/api/NonExtensible
Event: 22.948 loading class org/gradle/api/NonExtensible done
Event: 22.953 loading class java/lang/annotation/ElementType
Event: 22.953 loading class java/lang/annotation/ElementType done
Event: 22.964 loading class org/gradle/internal/extensibility/NoConventionMapping
Event: 22.964 loading class org/gradle/internal/extensibility/NoConventionMapping done
Event: 22.965 loading class org/gradle/api/internal/DynamicObjectAware
Event: 22.965 loading class org/gradle/api/internal/DynamicObjectAware done
Event: 22.991 loading class java/lang/Deprecated
Event: 22.991 loading class java/lang/Deprecated done
Event: 22.997 loading class jdk/internal/HotSpotIntrinsicCandidate
Event: 22.998 loading class jdk/internal/HotSpotIntrinsicCandidate done
Event: 22.999 loading class java/lang/module/ModuleDescriptor$Builder
Event: 23.000 Executing VM operation: CollectForMetadataAllocation


Dynamic libraries:
0x00007ff770ae0000 - 0x00007ff770aea000 	C:\Program Files\Android\Android Studio\jre\bin\java.exe
0x00007ffc2e670000 - 0x00007ffc2e865000 	C:\Windows\SYSTEM32\ntdll.dll
0x00007ffc2dd70000 - 0x00007ffc2de2e000 	C:\Windows\System32\KERNEL32.DLL
0x00007ffc2c3f0000 - 0x00007ffc2c6b8000 	C:\Windows\System32\KERNELBASE.dll
0x00007ffc2bd80000 - 0x00007ffc2be80000 	C:\Windows\System32\ucrtbase.dll
0x00007ffc1d5c0000 - 0x00007ffc1d5d9000 	C:\Program Files\Android\Android Studio\jre\bin\jli.dll
0x00007ffc2de30000 - 0x00007ffc2dfd0000 	C:\Windows\System32\USER32.dll
0x00007ffc2c180000 - 0x00007ffc2c1a2000 	C:\Windows\System32\win32u.dll
0x00007ffc2dfd0000 - 0x00007ffc2dffb000 	C:\Windows\System32\GDI32.dll
0x00007ffc2c1b0000 - 0x00007ffc2c2bd000 	C:\Windows\System32\gdi32full.dll
0x00007ffc2c2c0000 - 0x00007ffc2c35d000 	C:\Windows\System32\msvcp_win.dll
0x00007ffc11fa0000 - 0x00007ffc11fb7000 	C:\Program Files\Android\Android Studio\jre\bin\VCRUNTIME140.dll
0x00007ffc17ee0000 - 0x00007ffc1817a000 	C:\Windows\WinSxS\amd64_microsoft.windows.common-controls_6595b64144ccf1df_6.0.19041.1110_none_60b5254171f9507e\COMCTL32.dll
0x00007ffc2d730000 - 0x00007ffc2d7ce000 	C:\Windows\System32\msvcrt.dll
0x00007ffc2da90000 - 0x00007ffc2dac0000 	C:\Windows\System32\IMM32.DLL
0x00007ffbf1540000 - 0x00007ffbf15dd000 	C:\Program Files\Android\Android Studio\jre\bin\msvcp140.dll
0x00007ffbf4780000 - 0x00007ffbf524f000 	C:\Program Files\Android\Android Studio\jre\bin\server\jvm.dll
0x00007ffc2c7f0000 - 0x00007ffc2c89e000 	C:\Windows\System32\ADVAPI32.dll
0x00007ffc2d130000 - 0x00007ffc2d1cc000 	C:\Windows\System32\sechost.dll
0x00007ffc2dac0000 - 0x00007ffc2dbe5000 	C:\Windows\System32\RPCRT4.dll
0x00007ffc2e1a0000 - 0x00007ffc2e1a8000 	C:\Windows\System32\PSAPI.DLL
0x00007ffc175b0000 - 0x00007ffc175b9000 	C:\Windows\SYSTEM32\WSOCK32.dll
0x00007ffc2d6c0000 - 0x00007ffc2d72b000 	C:\Windows\System32\WS2_32.dll
0x00007ffc218b0000 - 0x00007ffc218d7000 	C:\Windows\SYSTEM32\WINMM.dll
0x00007ffc218e0000 - 0x00007ffc218ea000 	C:\Windows\SYSTEM32\VERSION.dll
0x00007ffc29c70000 - 0x00007ffc29c82000 	C:\Windows\SYSTEM32\kernel.appcore.dll
0x00007ffc022b0000 - 0x00007ffc022c1000 	C:\Program Files\Android\Android Studio\jre\bin\verify.dll
0x00007ffc254c0000 - 0x00007ffc256a4000 	C:\Windows\SYSTEM32\DBGHELP.DLL
0x00007ffc25300000 - 0x00007ffc2532c000 	C:\Windows\SYSTEM32\dbgcore.DLL
0x00007ffc2c360000 - 0x00007ffc2c3e2000 	C:\Windows\System32\bcryptPrimitives.dll
0x00007ffbfabc0000 - 0x00007ffbfabe9000 	C:\Program Files\Android\Android Studio\jre\bin\java.dll
0x00007ffc15cf0000 - 0x00007ffc15cfb000 	C:\Program Files\Android\Android Studio\jre\bin\jimage.dll
0x00007ffbfbcf0000 - 0x00007ffbfbd08000 	C:\Program Files\Android\Android Studio\jre\bin\zip.dll
0x00007ffc2c9e0000 - 0x00007ffc2d124000 	C:\Windows\System32\SHELL32.dll
0x00007ffc29e70000 - 0x00007ffc2a604000 	C:\Windows\SYSTEM32\windows.storage.dll
0x00007ffc2d360000 - 0x00007ffc2d6b5000 	C:\Windows\System32\combase.dll
0x00007ffc2b700000 - 0x00007ffc2b72e000 	C:\Windows\SYSTEM32\Wldp.dll
0x00007ffc2d2b0000 - 0x00007ffc2d35d000 	C:\Windows\System32\SHCORE.dll
0x00007ffc2e0b0000 - 0x00007ffc2e105000 	C:\Windows\System32\shlwapi.dll
0x00007ffc2bcc0000 - 0x00007ffc2bcdf000 	C:\Windows\SYSTEM32\profapi.dll
0x00007ffbf7bc0000 - 0x00007ffbf7bda000 	C:\Program Files\Android\Android Studio\jre\bin\net.dll
0x00007ffc25cf0000 - 0x00007ffc25dfc000 	C:\Windows\SYSTEM32\WINHTTP.dll
0x00007ffc2b460000 - 0x00007ffc2b4ca000 	C:\Windows\system32\mswsock.dll
0x00007ffbf7ba0000 - 0x00007ffbf7bb4000 	C:\Program Files\Android\Android Studio\jre\bin\nio.dll
0x00007ffc16970000 - 0x00007ffc16997000 	C:\Users\PC\.gradle\native\8bec1ad78214c89d9ad589b4d07fe93259594b29d510b10fafb7a158f7737e5d\windows-amd64\native-platform.dll
0x00007ffbeff40000 - 0x00007ffbf007d000 	C:\Users\PC\.gradle\native\53dbd7edfb1c66fb8903c78663c9afc45aea4f116125fa6feffd364cf09443e8\windows-amd64\native-platform-file-events.dll
0x00007ffc12c40000 - 0x00007ffc12c4a000 	C:\Program Files\Android\Android Studio\jre\bin\management.dll
0x00007ffc12630000 - 0x00007ffc1263c000 	C:\Program Files\Android\Android Studio\jre\bin\management_ext.dll
0x00007ffc2b660000 - 0x00007ffc2b678000 	C:\Windows\SYSTEM32\CRYPTSP.dll
0x00007ffc2ade0000 - 0x00007ffc2ae14000 	C:\Windows\system32\rsaenh.dll
0x00007ffc2bef0000 - 0x00007ffc2bf17000 	C:\Windows\System32\bcrypt.dll
0x00007ffc2bc40000 - 0x00007ffc2bc6e000 	C:\Windows\SYSTEM32\USERENV.dll
0x00007ffc2b650000 - 0x00007ffc2b65c000 	C:\Windows\SYSTEM32\CRYPTBASE.dll
0x00007ffc2b150000 - 0x00007ffc2b18b000 	C:\Windows\SYSTEM32\IPHLPAPI.DLL
0x00007ffc2d1d0000 - 0x00007ffc2d1d8000 	C:\Windows\System32\NSI.dll
0x00007ffc25790000 - 0x00007ffc257a7000 	C:\Windows\SYSTEM32\dhcpcsvc6.DLL
0x00007ffc25a10000 - 0x00007ffc25a2d000 	C:\Windows\SYSTEM32\dhcpcsvc.DLL
0x00007ffc2b190000 - 0x00007ffc2b25b000 	C:\Windows\SYSTEM32\DNSAPI.dll

dbghelp: loaded successfully - version: 4.0.5 - missing functions: none
symbol engine: initialized successfully - sym options: 0x614 - pdb path: .;C:\Program Files\Android\Android Studio\jre\bin;C:\Windows\SYSTEM32;C:\Windows\WinSxS\amd64_microsoft.windows.common-controls_6595b64144ccf1df_6.0.19041.1110_none_60b5254171f9507e;C:\Program Files\Android\Android Studio\jre\bin\server;C:\Users\PC\.gradle\native\8bec1ad78214c89d9ad589b4d07fe93259594b29d510b10fafb7a158f7737e5d\windows-amd64;C:\Users\PC\.gradle\native\53dbd7edfb1c66fb8903c78663c9afc45aea4f116125fa6feffd364cf09443e8\windows-amd64

VM Arguments:
jvm_args: --add-opens=java.base/java.util=ALL-UNNAMED --add-opens=java.base/java.lang=ALL-UNNAMED --add-opens=java.base/java.lang.invoke=ALL-UNNAMED --add-opens=java.base/java.util=ALL-UNNAMED --add-opens=java.prefs/java.util.prefs=ALL-UNNAMED --add-opens=java.prefs/java.util.prefs=ALL-UNNAMED --add-opens=java.base/java.nio.charset=ALL-UNNAMED --add-opens=java.base/java.net=ALL-UNNAMED --add-opens=java.base/java.util.concurrent.atomic=ALL-UNNAMED -Xmx2048m -Dfile.encoding=UTF-8 -Duser.country=GB -Duser.language=en -Duser.variant 
java_command: org.gradle.launcher.daemon.bootstrap.GradleDaemon 7.0.2
java_class_path (initial): C:\Users\PC\.gradle\wrapper\dists\gradle-7.0.2-bin\857tjihv64xamwrf0h14cai3r\gradle-7.0.2\lib\gradle-launcher-7.0.2.jar
Launcher Type: SUN_STANDARD

[Global flags]
     intx CICompilerCount                          = 3                                         {product} {ergonomic}
     uint ConcGCThreads                            = 1                                         {product} {ergonomic}
     uint G1ConcRefinementThreads                  = 4                                         {product} {ergonomic}
   size_t G1HeapRegionSize                         = 1048576                                   {product} {ergonomic}
    uintx GCDrainStackTargetSize                   = 64                                        {product} {ergonomic}
   size_t InitialHeapSize                          = 117440512                                 {product} {ergonomic}
   size_t MarkStackSize                            = 4194304                                   {product} {ergonomic}
   size_t MaxHeapSize                              = 2147483648                                {product} {command line}
   size_t MaxNewSize                               = 1287651328                                {product} {ergonomic}
   size_t MinHeapDeltaBytes                        = 1048576                                   {product} {ergonomic}
    uintx NonNMethodCodeHeapSize                   = 5830732                                {pd product} {ergonomic}
    uintx NonProfiledCodeHeapSize                  = 122913754                              {pd product} {ergonomic}
    uintx ProfiledCodeHeapSize                     = 122913754                              {pd product} {ergonomic}
    uintx ReservedCodeCacheSize                    = 251658240                              {pd product} {ergonomic}
     bool SegmentedCodeCache                       = true                                      {product} {ergonomic}
     bool UseCompressedClassPointers               = true                                 {lp64_product} {ergonomic}
     bool UseCompressedOops                        = true                                 {lp64_product} {ergonomic}
     bool UseG1GC                                  = true                                      {product} {ergonomic}
     bool UseLargePagesIndividualAllocation        = false                                  {pd product} {ergonomic}

Logging:
Log output configuration:
 #0: stdout all=warning uptime,level,tags
 #1: stderr all=off uptime,level,tags

Environment Variables:
PATH=C:\Windows\system32;C:\Windows;C:\Windows\System32\Wbem;C:\Windows\System32\WindowsPowerShell\v1.0\;C:\Windows\System32\OpenSSH\;C:\Users\PC\AppData\Local\Programs\Python\Python38;C:\Users\PC\AppData\Local\Programs\Python\Python38\Scripts;C:\Users\PC\AppData\Local\Programs\Python\Python37\Scripts\;C:\Users\PC\AppData\Local\Programs\Python\Python37\;C:\Users\PC\AppData\Local\Microsoft\WindowsApps;C:\Users\PC\AppData\Local\Programs\Python\Python310;C:\Users\PC\AppData\Local\Programs\Python\Python310\Scripts;C:\Users\PC\AppData\Local\Programs\Microsoft VS Code\bin;C:\Users\PC\Documents\UTA_ISECMAR\3 Ano\Semestre 1\Fundamentos de Inteligencia Artificial\Implementaao Comunicao Arduino Python\venv;C:\Users\PC\AppData\Local\Programs\Python\Python39;
USERNAME=PC
OS=Windows_NT
PROCESSOR_IDENTIFIER=AMD64 Family 21 Model 96 Stepping 1, AuthenticAMD



---------------  S Y S T E M  ---------------

OS: Windows 10 , 64 bit Build 19041 (10.0.19041.1503)
OS uptime: 0 days 21:49 hours

CPU:total 4 (initial active 4) (4 cores per cpu, 1 threads per core) family 21 model 96 stepping 1 microcode 0x0, cmov, cx8, fxsr, mmx, sse, sse2, sse3, ssse3, sse4.1, sse4.2, popcnt, avx, avx2, aes, clmul, mmxext, 3dnowpref, lzcnt, sse4a, tsc, tscinvbit, tscinv, bmi1, bmi2, fma

Memory: 4k page, system-wide physical 7114M (399M free)
TotalPageFile size 21345M (AvailPageFile size 0M)
current process WorkingSet (physical memory assigned to process): 170M, peak: 171M
current process commit charge ("private bytes"): 236M, peak: 237M

vm_info: OpenJDK 64-Bit Server VM (11.0.10+0-b96-7249189) for windows-amd64 JRE (11.0.10+0-b96-7249189), built on Mar 31 2021 21:44:00 by "builder" with MS VC++ 14.0 (VS2015)

END.
